2022-10-01T08:42:05+00:00 CRITICAL syntax error, unexpected 'if' (T_IF) in /Users/johannavega/WIE/Utveckling mot e-handel/woocommerce-grupp/wordpress/wp-content/themes/webshop/woocommerce.php on line 9

2022-10-01T08:42:14+00:00 CRITICAL syntax error, unexpected 'if' (T_IF) in /Users/johannavega/WIE/Utveckling mot e-handel/woocommerce-grupp/wordpress/wp-content/themes/webshop/woocommerce.php on line 9

2022-10-01T08:43:55+00:00 CRITICAL syntax error, unexpected 'if' (T_IF) in /Users/johannavega/WIE/Utveckling mot e-handel/woocommerce-grupp/wordpress/wp-content/themes/webshop/woocommerce.php on line 9

2022-10-01T08:43:58+00:00 CRITICAL syntax error, unexpected '?>' in /Users/johannavega/WIE/Utveckling mot e-handel/woocommerce-grupp/wordpress/wp-content/themes/webshop/woocommerce.php on line 10

2022-10-01T08:43:59+00:00 CRITICAL syntax error, unexpected '?>' in /Users/johannavega/WIE/Utveckling mot e-handel/woocommerce-grupp/wordpress/wp-content/themes/webshop/woocommerce.php on line 10

2022-10-01T11:05:25+00:00 CRITICAL Cannot redeclare mytheme_add_woocommerce_support() (previously declared in /Users/johannavega/WIE/Utveckling mot e-handel/woocommerce-grupp/wordpress/wp-content/themes/webshop/functions.php:81) in /Users/johannavega/WIE/Utveckling mot e-handel/woocommerce-grupp/wordpress/wp-content/themes/webshop/functions.php on line 121

2022-10-01T11:13:06+00:00 CRITICAL syntax error, unexpected end of file, expecting elseif (T_ELSEIF) or else (T_ELSE) or endif (T_ENDIF) in /Users/johannavega/WIE/Utveckling mot e-handel/woocommerce-grupp/wordpress/wp-content/themes/webshop/search.php on line 14

2022-10-01T11:14:46+00:00 CRITICAL syntax error, unexpected end of file, expecting elseif (T_ELSEIF) or else (T_ELSE) or endif (T_ENDIF) in /Users/johannavega/WIE/Utveckling mot e-handel/woocommerce-grupp/wordpress/wp-content/themes/webshop/search.php on line 14

2022-10-01T11:25:53+00:00 CRITICAL syntax error, unexpected 'if' (T_IF) in /Users/johannavega/WIE/Utveckling mot e-handel/woocommerce-grupp/wordpress/wp-content/themes/webshop/search.php on line 15

2022-10-01T11:27:45+00:00 CRITICAL syntax error, unexpected 'if' (T_IF) in /Users/johannavega/WIE/Utveckling mot e-handel/woocommerce-grupp/wordpress/wp-content/themes/webshop/search.php on line 15

2022-10-01T11:27:47+00:00 CRITICAL syntax error, unexpected 'if' (T_IF) in /Users/johannavega/WIE/Utveckling mot e-handel/woocommerce-grupp/wordpress/wp-content/themes/webshop/search.php on line 15

2022-10-01T11:30:04+00:00 CRITICAL syntax error, unexpected 'visas' (T_STRING) in /Users/johannavega/WIE/Utveckling mot e-handel/woocommerce-grupp/wordpress/wp-content/themes/webshop/search.php on line 6

2022-10-01T11:30:24+00:00 CRITICAL syntax error, unexpected 'visas' (T_STRING) in /Users/johannavega/WIE/Utveckling mot e-handel/woocommerce-grupp/wordpress/wp-content/themes/webshop/search.php on line 6

2022-10-01T11:31:08+00:00 CRITICAL syntax error, unexpected '>' in /Users/johannavega/WIE/Utveckling mot e-handel/woocommerce-grupp/wordpress/wp-content/themes/webshop/search.php on line 8

2022-10-01T11:37:27+00:00 CRITICAL Maximum execution time of 30 seconds exceeded in /Users/johannavega/WIE/Utveckling mot e-handel/woocommerce-grupp/wordpress/wp-content/plugins/woocommerce/includes/abstracts/abstract-wc-product.php on line 1331

2022-10-01T11:38:42+00:00 CRITICAL Maximum execution time of 30 seconds exceeded in /Users/johannavega/WIE/Utveckling mot e-handel/woocommerce-grupp/wordpress/wp-includes/functions.php on line 2101

2022-10-01T11:39:57+00:00 CRITICAL Maximum execution time of 30 seconds exceeded in /Users/johannavega/WIE/Utveckling mot e-handel/woocommerce-grupp/wordpress/wp-includes/functions.php on line 2101

2022-10-01T11:40:37+00:00 CRITICAL Maximum execution time of 30 seconds exceeded in /Users/johannavega/WIE/Utveckling mot e-handel/woocommerce-grupp/wordpress/wp-includes/functions.php on line 2101

2022-10-01T11:41:16+00:00 CRITICAL Maximum execution time of 30 seconds exceeded in /Users/johannavega/WIE/Utveckling mot e-handel/woocommerce-grupp/wordpress/wp-includes/template.php on line 703

2022-10-01T11:42:25+00:00 CRITICAL Maximum execution time of 30 seconds exceeded in /Users/johannavega/WIE/Utveckling mot e-handel/woocommerce-grupp/wordpress/wp-includes/template.php on line 703

2022-10-01T20:57:30+00:00 CRITICAL Maximum execution time of 30 seconds exceeded in /Users/johannavega/WIE/Utveckling mot e-handel/woocommerce-grupp/wordpress/wp-includes/functions.php on line 2101

2022-10-01T20:58:25+00:00 CRITICAL Maximum execution time of 30 seconds exceeded in /Users/johannavega/WIE/Utveckling mot e-handel/woocommerce-grupp/wordpress/wp-includes/functions.php on line 2101

2022-10-01T20:59:43+00:00 CRITICAL Maximum execution time of 30 seconds exceeded in /Users/johannavega/WIE/Utveckling mot e-handel/woocommerce-grupp/wordpress/wp-includes/media.php on line 213

2022-10-01T21:01:36+00:00 CRITICAL Maximum execution time of 30 seconds exceeded in /Users/johannavega/WIE/Utveckling mot e-handel/woocommerce-grupp/wordpress/wp-content/plugins/woocommerce/includes/wc-formatting-functions.php on line 705

2022-10-01T21:02:33+00:00 CRITICAL Maximum execution time of 30 seconds exceeded in /Users/johannavega/WIE/Utveckling mot e-handel/woocommerce-grupp/wordpress/wp-includes/functions.php on line 2101

2022-10-01T21:03:55+00:00 CRITICAL Maximum execution time of 30 seconds exceeded in /Users/johannavega/WIE/Utveckling mot e-handel/woocommerce-grupp/wordpress/wp-includes/functions.php on line 2101

2022-10-01T21:25:48+00:00 CRITICAL Uncaught Error: Call to undefined function wp_content() in /Users/johannavega/WIE/Utveckling mot e-handel/woocommerce-grupp/wordpress/wp-content/themes/webshop/page.php:8
Stack trace:
#0 /Users/johannavega/WIE/Utveckling mot e-handel/woocommerce-grupp/wordpress/wp-includes/template-loader.php(106): include()
#1 /Users/johannavega/WIE/Utveckling mot e-handel/woocommerce-grupp/wordpress/wp-blog-header.php(19): require_once('/Users/johannav...')
#2 /Users/johannavega/WIE/Utveckling mot e-handel/woocommerce-grupp/wordpress/index.php(17): require('/Users/johannav...')
#3 {main}
  thrown in /Users/johannavega/WIE/Utveckling mot e-handel/woocommerce-grupp/wordpress/wp-content/themes/webshop/page.php on line 8

2022-10-01T21:27:40+00:00 CRITICAL Maximum execution time of 30 seconds exceeded in /Users/johannavega/WIE/Utveckling mot e-handel/woocommerce-grupp/wordpress/wp-includes/functions.php on line 2101

2022-10-01T21:33:47+00:00 CRITICAL Maximum execution time of 30 seconds exceeded in /Users/johannavega/WIE/Utveckling mot e-handel/woocommerce-grupp/wordpress/wp-content/plugins/woocommerce/includes/abstracts/abstract-wc-data.php on line 836

2022-10-01T21:34:48+00:00 CRITICAL Maximum execution time of 30 seconds exceeded in /Users/johannavega/WIE/Utveckling mot e-handel/woocommerce-grupp/wordpress/wp-includes/functions.php on line 2101

2022-10-01T21:35:41+00:00 CRITICAL Maximum execution time of 30 seconds exceeded in /Users/johannavega/WIE/Utveckling mot e-handel/woocommerce-grupp/wordpress/wp-includes/functions.php on line 2101

2022-10-01T21:36:55+00:00 CRITICAL Maximum execution time of 30 seconds exceeded in /Users/johannavega/WIE/Utveckling mot e-handel/woocommerce-grupp/wordpress/wp-includes/media.php on line 5336

2022-10-01T21:38:40+00:00 CRITICAL Maximum execution time of 30 seconds exceeded in /Users/johannavega/WIE/Utveckling mot e-handel/woocommerce-grupp/wordpress/wp-includes/functions.php on line 2101

2022-10-01T21:39:55+00:00 CRITICAL Maximum execution time of 30 seconds exceeded in /Users/johannavega/WIE/Utveckling mot e-handel/woocommerce-grupp/wordpress/wp-includes/functions.php on line 2101

2022-10-01T21:56:07+00:00 CRITICAL syntax error, unexpected '}', expecting end of file in /Users/johannavega/WIE/Utveckling mot e-handel/woocommerce-grupp/wordpress/wp-content/themes/webshop/functions.php on line 81

2022-10-01T21:56:10+00:00 CRITICAL syntax error, unexpected '}', expecting end of file in /Users/johannavega/WIE/Utveckling mot e-handel/woocommerce-grupp/wordpress/wp-content/themes/webshop/functions.php on line 81

2022-10-01T21:56:12+00:00 CRITICAL syntax error, unexpected '}', expecting end of file in /Users/johannavega/WIE/Utveckling mot e-handel/woocommerce-grupp/wordpress/wp-content/themes/webshop/functions.php on line 81

2022-10-01T21:56:53+00:00 CRITICAL syntax error, unexpected end of file in /Users/johannavega/WIE/Utveckling mot e-handel/woocommerce-grupp/wordpress/wp-content/themes/webshop/functions.php on line 76

2022-10-01T21:57:18+00:00 CRITICAL syntax error, unexpected end of file in /Users/johannavega/WIE/Utveckling mot e-handel/woocommerce-grupp/wordpress/wp-content/themes/webshop/functions.php on line 76

2022-10-01T22:29:38+00:00 CRITICAL syntax error, unexpected 'if' (T_IF) in /Users/johannavega/WIE/Utveckling mot e-handel/woocommerce-grupp/wordpress/wp-content/themes/webshop/index.php on line 18

2022-10-01T22:29:39+00:00 CRITICAL syntax error, unexpected 'if' (T_IF) in /Users/johannavega/WIE/Utveckling mot e-handel/woocommerce-grupp/wordpress/wp-content/themes/webshop/index.php on line 18

2022-10-01T22:31:47+00:00 CRITICAL syntax error, unexpected 'if' (T_IF) in /Users/johannavega/WIE/Utveckling mot e-handel/woocommerce-grupp/wordpress/wp-content/themes/webshop/index.php on line 18

2022-10-01T22:32:43+00:00 CRITICAL syntax error, unexpected 'if' (T_IF) in /Users/johannavega/WIE/Utveckling mot e-handel/woocommerce-grupp/wordpress/wp-content/themes/webshop/index.php on line 18

2022-10-01T22:32:45+00:00 CRITICAL syntax error, unexpected 'if' (T_IF) in /Users/johannavega/WIE/Utveckling mot e-handel/woocommerce-grupp/wordpress/wp-content/themes/webshop/index.php on line 18

2022-10-01T22:33:59+00:00 CRITICAL syntax error, unexpected 'if' (T_IF) in /Users/johannavega/WIE/Utveckling mot e-handel/woocommerce-grupp/wordpress/wp-content/themes/webshop/index.php on line 18

2022-10-01T22:34:17+00:00 CRITICAL syntax error, unexpected 'if' (T_IF) in /Users/johannavega/WIE/Utveckling mot e-handel/woocommerce-grupp/wordpress/wp-content/themes/webshop/index.php on line 16

2022-10-01T22:34:40+00:00 CRITICAL syntax error, unexpected 'if' (T_IF) in /Users/johannavega/WIE/Utveckling mot e-handel/woocommerce-grupp/wordpress/wp-content/themes/webshop/index.php on line 16

2022-10-01T22:35:01+00:00 CRITICAL syntax error, unexpected 'if' (T_IF) in /Users/johannavega/WIE/Utveckling mot e-handel/woocommerce-grupp/wordpress/wp-content/themes/webshop/index.php on line 16

2022-10-01T22:35:11+00:00 CRITICAL syntax error, unexpected 'if' (T_IF) in /Users/johannavega/WIE/Utveckling mot e-handel/woocommerce-grupp/wordpress/wp-content/themes/webshop/index.php on line 16

2022-10-01T22:47:00+00:00 CRITICAL Uncaught ArgumentCountError: Too few arguments to function get_the_terms(), 0 passed in /Users/johannavega/WIE/Utveckling mot e-handel/woocommerce-grupp/wordpress/wp-content/themes/webshop/template-parts/blocks/category-recommend.php on line 10 and exactly 2 expected in /Users/johannavega/WIE/Utveckling mot e-handel/woocommerce-grupp/wordpress/wp-includes/category-template.php:1278
Stack trace:
#0 /Users/johannavega/WIE/Utveckling mot e-handel/woocommerce-grupp/wordpress/wp-content/themes/webshop/template-parts/blocks/category-recommend.php(10): get_the_terms()
#1 /Users/johannavega/WIE/Utveckling mot e-handel/woocommerce-grupp/wordpress/wp-content/plugins/advanced-custom-fields-pro/pro/blocks.php(390): include('/Users/johannav...')
#2 /Users/johannavega/WIE/Utveckling mot e-handel/woocommerce-grupp/wordpress/wp-content/plugins/advanced-custom-fields-pro/pro/blocks.php(327): acf_render_block(Array, '', false, 12, Object(WP_Block))
#3 /Users/johannavega/WIE/Utveckling mot e-handel/woocommerce-grupp/wordpress/w in /Users/johannavega/WIE/Utveckling mot e-handel/woocommerce-grupp/wordpress/wp-includes/category-template.php on line 1278

2022-10-01T22:47:07+00:00 CRITICAL Uncaught ArgumentCountError: Too few arguments to function get_the_terms(), 0 passed in /Users/johannavega/WIE/Utveckling mot e-handel/woocommerce-grupp/wordpress/wp-content/themes/webshop/template-parts/blocks/category-recommend.php on line 10 and exactly 2 expected in /Users/johannavega/WIE/Utveckling mot e-handel/woocommerce-grupp/wordpress/wp-includes/category-template.php:1278
Stack trace:
#0 /Users/johannavega/WIE/Utveckling mot e-handel/woocommerce-grupp/wordpress/wp-content/themes/webshop/template-parts/blocks/category-recommend.php(10): get_the_terms()
#1 /Users/johannavega/WIE/Utveckling mot e-handel/woocommerce-grupp/wordpress/wp-content/plugins/advanced-custom-fields-pro/pro/blocks.php(390): include('/Users/johannav...')
#2 /Users/johannavega/WIE/Utveckling mot e-handel/woocommerce-grupp/wordpress/wp-content/plugins/advanced-custom-fields-pro/pro/blocks.php(327): acf_render_block(Array, '', false, 12, Object(WP_Block))
#3 /Users/johannavega/WIE/Utveckling mot e-handel/woocommerce-grupp/wordpress/w in /Users/johannavega/WIE/Utveckling mot e-handel/woocommerce-grupp/wordpress/wp-includes/category-template.php on line 1278

2022-10-01T22:47:18+00:00 CRITICAL syntax error, unexpected 'echo' (T_ECHO) in /Users/johannavega/WIE/Utveckling mot e-handel/woocommerce-grupp/wordpress/wp-content/themes/webshop/template-parts/blocks/category-recommend.php on line 10

2022-10-01T22:48:06+00:00 CRITICAL syntax error, unexpected '$post' (T_VARIABLE), expecting ')' in /Users/johannavega/WIE/Utveckling mot e-handel/woocommerce-grupp/wordpress/wp-content/themes/webshop/template-parts/blocks/category-recommend.php on line 10

2022-10-01T22:52:01+00:00 CRITICAL Uncaught Error: Call to undefined function _the_category() in /Users/johannavega/WIE/Utveckling mot e-handel/woocommerce-grupp/wordpress/wp-content/themes/webshop/template-parts/blocks/category-recommend.php:10
Stack trace:
#0 /Users/johannavega/WIE/Utveckling mot e-handel/woocommerce-grupp/wordpress/wp-includes/template.php(772): require()
#1 /Users/johannavega/WIE/Utveckling mot e-handel/woocommerce-grupp/wordpress/wp-includes/template.php(716): load_template('/Users/johannav...', false, Array)
#2 /Users/johannavega/WIE/Utveckling mot e-handel/woocommerce-grupp/wordpress/wp-includes/general-template.php(204): locate_template(Array, true, false, Array)
#3 /Users/johannavega/WIE/Utveckling mot e-handel/woocommerce-grupp/wordpress/wp-content/themes/webshop/woocommerce.php(8): get_template_part('template-parts/...')
#4 /Users/johannavega/WIE/Utveckling mot e-handel/woocommerce-grupp/wordpress/wp-includes/template-loader.php(106): include('/Users/johannav...')
#5 /Users/johannavega/WIE/Utveckling mot e-handel/wo in /Users/johannavega/WIE/Utveckling mot e-handel/woocommerce-grupp/wordpress/wp-content/themes/webshop/template-parts/blocks/category-recommend.php on line 10

2022-10-01T22:52:50+00:00 CRITICAL Cannot redeclare get_the_category() (previously declared in /Users/johannavega/WIE/Utveckling mot e-handel/woocommerce-grupp/wordpress/wp-includes/category-template.php:77) in /Users/johannavega/WIE/Utveckling mot e-handel/woocommerce-grupp/wordpress/wp-content/themes/webshop/functions.php on line 77

2022-10-01T22:53:01+00:00 CRITICAL Cannot redeclare get_the_category() (previously declared in /Users/johannavega/WIE/Utveckling mot e-handel/woocommerce-grupp/wordpress/wp-includes/category-template.php:77) in /Users/johannavega/WIE/Utveckling mot e-handel/woocommerce-grupp/wordpress/wp-content/themes/webshop/functions.php on line 77

2022-10-01T22:53:13+00:00 CRITICAL Cannot redeclare get_the_category() (previously declared in /Users/johannavega/WIE/Utveckling mot e-handel/woocommerce-grupp/wordpress/wp-includes/category-template.php:77) in /Users/johannavega/WIE/Utveckling mot e-handel/woocommerce-grupp/wordpress/wp-content/themes/webshop/functions.php on line 77

2022-10-01T22:53:40+00:00 CRITICAL Cannot redeclare get_the_category() (previously declared in /Users/johannavega/WIE/Utveckling mot e-handel/woocommerce-grupp/wordpress/wp-includes/category-template.php:77) in /Users/johannavega/WIE/Utveckling mot e-handel/woocommerce-grupp/wordpress/wp-content/themes/webshop/functions.php on line 77

2022-10-01T22:54:31+00:00 CRITICAL Uncaught ArgumentCountError: Too few arguments to function get_the_terms(), 0 passed in /Users/johannavega/WIE/Utveckling mot e-handel/woocommerce-grupp/wordpress/wp-content/themes/webshop/template-parts/blocks/category-recommend.php on line 10 and exactly 2 expected in /Users/johannavega/WIE/Utveckling mot e-handel/woocommerce-grupp/wordpress/wp-includes/category-template.php:1278
Stack trace:
#0 /Users/johannavega/WIE/Utveckling mot e-handel/woocommerce-grupp/wordpress/wp-content/themes/webshop/template-parts/blocks/category-recommend.php(10): get_the_terms()
#1 /Users/johannavega/WIE/Utveckling mot e-handel/woocommerce-grupp/wordpress/wp-includes/template.php(772): require('/Users/johannav...')
#2 /Users/johannavega/WIE/Utveckling mot e-handel/woocommerce-grupp/wordpress/wp-includes/template.php(716): load_template('/Users/johannav...', false, Array)
#3 /Users/johannavega/WIE/Utveckling mot e-handel/woocommerce-grupp/wordpress/wp-includes/general-template.php(204): locate_template(Array, true, false, Array in /Users/johannavega/WIE/Utveckling mot e-handel/woocommerce-grupp/wordpress/wp-includes/category-template.php on line 1278

2022-10-01T22:56:07+00:00 CRITICAL syntax error, unexpected 'if' (T_IF) in /Users/johannavega/WIE/Utveckling mot e-handel/woocommerce-grupp/wordpress/wp-content/themes/webshop/template-parts/blocks/category-recommend.php on line 13

2022-10-01T22:56:16+00:00 CRITICAL syntax error, unexpected end of file in /Users/johannavega/WIE/Utveckling mot e-handel/woocommerce-grupp/wordpress/wp-content/themes/webshop/template-parts/blocks/category-recommend.php on line 24

