2022-09-28T08:41:47+00:00 CRITICAL syntax error, unexpected 'endwhile' (T_ENDWHILE) i /Users/johannavega/WIE/Utveckling mot e-handel/woocommerce-grupp/wordpress/wp-content/themes/webshop/front-page.php på rad 7

2022-09-28T09:02:38+00:00 CRITICAL Uncaught Error: Call to undefined function acf_get_valid_post_id() in /Users/johannavega/WIE/Utveckling mot e-handel/woocommerce-grupp/wordpress/wp-content/themes/webshop/functions.php:75
Stack trace:
#0 /Users/johannavega/WIE/Utveckling mot e-handel/woocommerce-grupp/wordpress/wp-content/themes/webshop/template-parts/header/header-standard.php(3): get_field('image')
#1 /Users/johannavega/WIE/Utveckling mot e-handel/woocommerce-grupp/wordpress/wp-includes/template.php(772): require('/Users/johannav...')
#2 /Users/johannavega/WIE/Utveckling mot e-handel/woocommerce-grupp/wordpress/wp-includes/template.php(716): load_template('/Users/johannav...', false, Array)
#3 /Users/johannavega/WIE/Utveckling mot e-handel/woocommerce-grupp/wordpress/wp-includes/general-template.php(204): locate_template(Array, true, false, Array)
#4 /Users/johannavega/WIE/Utveckling mot e-handel/woocommerce-grupp/wordpress/wp-content/themes/webshop/header.php(17): get_template_part('template-parts/...')
#5 /Users/johannavega/WIE/Utveckling i /Users/johannavega/WIE/Utveckling mot e-handel/woocommerce-grupp/wordpress/wp-content/themes/webshop/functions.php på rad 75

2022-09-28T09:05:15+00:00 CRITICAL Uncaught Error: Call to undefined function get_title() in /Users/johannavega/WIE/Utveckling mot e-handel/woocommerce-grupp/wordpress/wp-content/themes/webshop/template-parts/header/header-standard.php:3
Stack trace:
#0 /Users/johannavega/WIE/Utveckling mot e-handel/woocommerce-grupp/wordpress/wp-includes/template.php(772): require()
#1 /Users/johannavega/WIE/Utveckling mot e-handel/woocommerce-grupp/wordpress/wp-includes/template.php(716): load_template('/Users/johannav...', false, Array)
#2 /Users/johannavega/WIE/Utveckling mot e-handel/woocommerce-grupp/wordpress/wp-includes/general-template.php(204): locate_template(Array, true, false, Array)
#3 /Users/johannavega/WIE/Utveckling mot e-handel/woocommerce-grupp/wordpress/wp-content/themes/webshop/header.php(17): get_template_part('template-parts/...')
#4 /Users/johannavega/WIE/Utveckling mot e-handel/woocommerce-grupp/wordpress/wp-includes/template.php(770): require_once('/Users/johannav...')
#5 /Users/johannavega/WIE/Utveckling mot e-handel/woocommerce-grup i /Users/johannavega/WIE/Utveckling mot e-handel/woocommerce-grupp/wordpress/wp-content/themes/webshop/template-parts/header/header-standard.php på rad 3

2022-09-28T20:09:38+00:00 CRITICAL Cannot redeclare get_stylesheet_uri() (previously declared in /Users/johannavega/WIE/Utveckling mot e-handel/woocommerce-grupp/wordpress/wp-includes/theme.php:243) in /Users/johannavega/WIE/Utveckling mot e-handel/woocommerce-grupp/wordpress/wp-content/themes/webshop/functions.php on line 72

2022-09-28T20:10:15+00:00 CRITICAL Cannot redeclare get_stylesheet_uri() (previously declared in /Users/johannavega/WIE/Utveckling mot e-handel/woocommerce-grupp/wordpress/wp-includes/theme.php:243) in /Users/johannavega/WIE/Utveckling mot e-handel/woocommerce-grupp/wordpress/wp-content/themes/webshop/functions.php on line 76

2022-09-28T20:10:19+00:00 CRITICAL Cannot redeclare get_stylesheet_uri() (previously declared in /Users/johannavega/WIE/Utveckling mot e-handel/woocommerce-grupp/wordpress/wp-includes/theme.php:243) in /Users/johannavega/WIE/Utveckling mot e-handel/woocommerce-grupp/wordpress/wp-content/themes/webshop/functions.php on line 76

